nohup: ignoring input
[dotenv@17.2.3] injecting env (5) from .env -- tip: тЪЩя╕П  write to custom object with { processEnv: myObject }
[dotenv@17.2.3] injecting env (0) from .env -- tip: ЁЯФР prevent building .env in docker: https://dotenvx.com/prebuild
тЬЕ Database initialized
ЁЯО╡ Server running on http://localhost:4000
тЬЕ Spotify token refreshed
Spotify API error: Request failed with status code 404
Recommendations failed: Request failed with status code 404
Spotify API error: { error: { status: 404, message: 'Not Found' } }
Trending tracks failed: Request failed with status code 404
Spotify API error: Request failed with status code 404
Chill vibes failed: Request failed with status code 404
Spotify API error: Request failed with status code 404
Energy boost failed: Request failed with status code 404
Spotify API error: Request failed with status code 404
Recommendations failed: Request failed with status code 404
Spotify API error: Request failed with status code 404
Recommendations error: Request failed with status code 404
Spotify API error: { error: { status: 404, message: 'Not Found' } }
Trending tracks failed: Request failed with status code 404
Spotify API error: Request failed with status code 404
Chill vibes failed: Request failed with status code 404
Spotify API error: Request failed with status code 404
Energy boost failed: Request failed with status code 404
Spotify API error: Request failed with status code 404
Recommendations error: Request failed with status code 404
Spotify API error: Request failed with status code 404
Recommendations failed: Request failed with status code 404
Spotify API error: { error: { status: 404, message: 'Not Found' } }
Trending tracks failed: Request failed with status code 404
Spotify API error: Request failed with status code 404
Chill vibes failed: Request failed with status code 404
Spotify API error: Request failed with status code 404
Energy boost failed: Request failed with status code 404
Spotify API error: Request failed with status code 404
Recommendations failed: Request failed with status code 404
Spotify API error: Request failed with status code 404
Recommendations error: Request failed with status code 404
Spotify API error: { error: { status: 404, message: 'Not Found' } }
Trending tracks failed: Request failed with status code 404
Spotify API error: Request failed with status code 404
Chill vibes failed: Request failed with status code 404
Spotify API error: Request failed with status code 404
Energy boost failed: Request failed with status code 404
Spotify API error: Request failed with status code 404
Recommendations error: Request failed with status code 404
Spotify API error: Request failed with status code 404
Recommendations failed: Request failed with status code 404
Spotify API error: { error: { status: 404, message: 'Not Found' } }
Trending tracks failed: Request failed with status code 404
Spotify API error: Request failed with status code 404
Chill vibes failed: Request failed with status code 404
Spotify API error: Request failed with status code 404
Energy boost failed: Request failed with status code 404
Spotify API error: Request failed with status code 404
Recommendations failed: Request failed with status code 404
Spotify API error: Request failed with status code 404
Recommendations error: Request failed with status code 404
Spotify API error: { error: { status: 404, message: 'Not Found' } }
Trending tracks failed: Request failed with status code 404
Spotify API error: Request failed with status code 404
Chill vibes failed: Request failed with status code 404
Spotify API error: Request failed with status code 404
Energy boost failed: Request failed with status code 404
Spotify API error: Request failed with status code 404
Recommendations error: Request failed with status code 404
Spotify API error: Request failed with status code 404
Recommendations failed: Request failed with status code 404
Spotify API error: { error: { status: 404, message: 'Not Found' } }
Trending tracks failed: Request failed with status code 404
Spotify API error: Request failed with status code 404
Chill vibes failed: Request failed with status code 404
Spotify API error: Request failed with status code 404
Energy boost failed: Request failed with status code 404
Spotify API error: Request failed with status code 404
Recommendations failed: Request failed with status code 404
Spotify API error: Request failed with status code 404
Recommendations error: Request failed with status code 404
Spotify API error: { error: { status: 404, message: 'Not Found' } }
Trending tracks failed: Request failed with status code 404
Spotify API error: Request failed with status code 404
Chill vibes failed: Request failed with status code 404
Spotify API error: Request failed with status code 404
Energy boost failed: Request failed with status code 404
Spotify API error: Request failed with status code 404
Recommendations error: Request failed with status code 404
Spotify API error: Request failed with status code 404
Recommendations failed: Request failed with status code 404
Spotify API error: { error: { status: 404, message: 'Not Found' } }
Trending tracks failed: Request failed with status code 404
Spotify API error: Request failed with status code 404
Chill vibes failed: Request failed with status code 404
Spotify API error: Request failed with status code 404
Energy boost failed: Request failed with status code 404
Spotify API error: Request failed with status code 404
Recommendations failed: Request failed with status code 404
Spotify API error: Request failed with status code 404
Recommendations error: Request failed with status code 404
Spotify API error: { error: { status: 404, message: 'Not Found' } }
Trending tracks failed: Request failed with status code 404
Spotify API error: Request failed with status code 404
Chill vibes failed: Request failed with status code 404
Spotify API error: Request failed with status code 404
Energy boost failed: Request failed with status code 404
Spotify API error: Request failed with status code 404
Recommendations error: Request failed with status code 404
Spotify API error: Request failed with status code 404
Recommendations failed: Request failed with status code 404
Spotify API error: { error: { status: 404, message: 'Not Found' } }
Trending tracks failed: Request failed with status code 404
Spotify API error: Request failed with status code 404
Chill vibes failed: Request failed with status code 404
Spotify API error: Request failed with status code 404
Energy boost failed: Request failed with status code 404
Spotify API error: Request failed with status code 404
Recommendations failed: Request failed with status code 404
Spotify API error: Request failed with status code 404
Recommendations error: Request failed with status code 404
Spotify API error: { error: { status: 404, message: 'Not Found' } }
Trending tracks failed: Request failed with status code 404
Spotify API error: Request failed with status code 404
Chill vibes failed: Request failed with status code 404
Spotify API error: Request failed with status code 404
Energy boost failed: Request failed with status code 404
Spotify API error: Request failed with status code 404
Recommendations error: Request failed with status code 404
Spotify API error: Request failed with status code 404
Recommendations failed: Request failed with status code 404
Spotify API error: { error: { status: 404, message: 'Not Found' } }
Trending tracks failed: Request failed with status code 404
Spotify API error: Request failed with status code 404
Chill vibes failed: Request failed with status code 404
Spotify API error: Request failed with status code 404
Energy boost failed: Request failed with status code 404
Spotify API error: Request failed with status code 404
Recommendations failed: Request failed with status code 404
Spotify API error: Request failed with status code 404
Recommendations error: Request failed with status code 404
Spotify API error: { error: { status: 404, message: 'Not Found' } }
Trending tracks failed: Request failed with status code 404
Spotify API error: Request failed with status code 404
Chill vibes failed: Request failed with status code 404
Spotify API error: Request failed with status code 404
Energy boost failed: Request failed with status code 404
Spotify API error: Request failed with status code 404
Recommendations error: Request failed with status code 404
Spotify API error: Request failed with status code 404
Recommendations failed: Request failed with status code 404
Spotify API error: { error: { status: 404, message: 'Not Found' } }
Trending tracks failed: Request failed with status code 404
Spotify API error: Request failed with status code 404
Chill vibes failed: Request failed with status code 404
Spotify API error: Request failed with status code 404
Energy boost failed: Request failed with status code 404
Spotify API error: Request failed with status code 404
Recommendations failed: Request failed with status code 404
Spotify API error: Request failed with status code 404
Recommendations error: Request failed with status code 404
Spotify API error: { error: { status: 404, message: 'Not Found' } }
Trending tracks failed: Request failed with status code 404
Spotify API error: Request failed with status code 404
Chill vibes failed: Request failed with status code 404
Spotify API error: Request failed with status code 404
Energy boost failed: Request failed with status code 404
Spotify API error: Request failed with status code 404
Recommendations error: Request failed with status code 404
Spotify API error: Request failed with status code 404
Recommendations failed: Request failed with status code 404
Spotify API error: { error: { status: 404, message: 'Not Found' } }
Trending tracks failed: Request failed with status code 404
Spotify API error: Request failed with status code 404
Chill vibes failed: Request failed with status code 404
Spotify API error: Request failed with status code 404
Energy boost failed: Request failed with status code 404
Spotify API error: Request failed with status code 404
Recommendations error: Request failed with status code 404
Spotify API error: Request failed with status code 404
Recommendations failed: Request failed with status code 404
Spotify API error: { error: { status: 404, message: 'Not Found' } }
Trending tracks failed: Request failed with status code 404
Spotify API error: Request failed with status code 404
Chill vibes failed: Request failed with status code 404
Spotify API error: Request failed with status code 404
Energy boost failed: Request failed with status code 404
Spotify API error: Request failed with status code 404
Recommendations error: Request failed with status code 404
Spotify API error: Request failed with status code 404
Recommendations failed: Request failed with status code 404
Spotify API error: { error: { status: 404, message: 'Not Found' } }
Trending tracks failed: Request failed with status code 404
Spotify API error: Request failed with status code 404
Chill vibes failed: Request failed with status code 404
Spotify API error: Request failed with status code 404
Energy boost failed: Request failed with status code 404
Spotify API error: Request failed with status code 404
Recommendations failed: Request failed with status code 404
Spotify API error: Request failed with status code 404
Recommendations error: Request failed with status code 404
Spotify API error: { error: { status: 404, message: 'Not Found' } }
Trending tracks failed: Request failed with status code 404
Spotify API error: Request failed with status code 404
Chill vibes failed: Request failed with status code 404
Spotify API error: Request failed with status code 404
Energy boost failed: Request failed with status code 404
Spotify API error: Request failed with status code 404
Recommendations error: Request failed with status code 404
Spotify API error: Request failed with status code 404
Recommendations failed: Request failed with status code 404
Spotify API error: { error: { status: 404, message: 'Not Found' } }
Trending tracks failed: Request failed with status code 404
Spotify API error: Request failed with status code 404
Chill vibes failed: Request failed with status code 404
Spotify API error: Request failed with status code 404
Energy boost failed: Request failed with status code 404
Spotify API error: Request failed with status code 404
Recommendations failed: Request failed with status code 404
Spotify API error: Request failed with status code 404
Recommendations error: Request failed with status code 404
Spotify API error: { error: { status: 404, message: 'Not Found' } }
Trending tracks failed: Request failed with status code 404
Spotify API error: Request failed with status code 404
Chill vibes failed: Request failed with status code 404
Spotify API error: Request failed with status code 404
Energy boost failed: Request failed with status code 404
Spotify API error: Request failed with status code 404
Recommendations error: Request failed with status code 404
ЁЯО╡ Play request for: 2LKOHdMsL0K9KwcPRlJK2v
ЁЯУб Fetching from Spotify API...
ЁЯФН Finding YouTube match...

ЁЯО╡ Track: After Dark by Mr.Kitty
ЁЯУА ISRC: USY251660155
тП▒я╕П  Duration: 259.146s
ЁЯФН Searching with ISRC: USY251660155
ЁЯУЛ Found 5 results, checking durations...
   1. Chaitar Vasava ркирлЛ рккрк╛ркбрк▓рк┐ркпрк╛ркорк╛ркВ ркЖркжрк┐рк╡рк╛рк╕рлА ркЕркирлЗ рккрлЛрк▓рлАрк╕ркХрк░рлНркорлАркУркирлА ркмркмрк╛рк▓ркирлЗ рк▓ркИ ркорлЛркЯрлЛ ркзркбрк╛ркХрлЛ  | Nirbhay news | - 0s (diff: 259.146s)
   2. Gandhinagar ркерлА ркХрлГрк╖рк┐ ркоркВркдрлНрк░рлА Jitu Vaghani ркирлА ркЦрлЗркбрлВркдрлЛ ркорк╛ркЯрлЗ ркорлЛркЯрлА ркЬрк╛рк╣рлЗрк░рк╛ркдред Bhupendra Patel | Harsh Sanghvi - 0s (diff: 259.146s)
   3. After Dark - 260s (diff: 0.853999999999985s)
   4. Online order:- 70161 66159. - 18s (diff: 241.14600000000002s)
   5. ЁЯУЮ 9996226403/ 9996196403 - 59s (diff: 200.14600000000002s)
ЁЯОп Perfect match found at position 3: After Dark (diff: 0.853999999999985s)
тЬЕ ISRC match found: After Dark (diff: 0.853999999999985s)
тЬЕ Found match: After Dark (isrc)
ЁЯОм Getting stream URL...
ЁЯОм Getting stream URL for: Cl5Vkd4N03Q
тЬЕ Stream ready!
тЬЕ Stream ready!
Spotify API error: Request failed with status code 404
Recommendations failed: Request failed with status code 404
Spotify API error: { error: { status: 404, message: 'Not Found' } }
Trending tracks failed: Request failed with status code 404
Spotify API error: Request failed with status code 404
Chill vibes failed: Request failed with status code 404
Spotify API error: Request failed with status code 404
Energy boost failed: Request failed with status code 404
Spotify API error: Request failed with status code 404
Recommendations failed: Request failed with status code 404
Spotify API error: Request failed with status code 404
Recommendations error: Request failed with status code 404
Spotify API error: { error: { status: 404, message: 'Not Found' } }
Trending tracks failed: Request failed with status code 404
Spotify API error: Request failed with status code 404
Chill vibes failed: Request failed with status code 404
Spotify API error: Request failed with status code 404
Energy boost failed: Request failed with status code 404
Spotify API error: Request failed with status code 404
Recommendations error: Request failed with status code 404
ЁЯО╡ Play request for: 2QjOHCTQ1Jl3zawyYOpxh6
ЁЯУб Fetching from Spotify API...
ЁЯФН Finding YouTube match...

ЁЯО╡ Track: Sweater Weather by The Neighbourhood
ЁЯУА ISRC: USSM11300080
тП▒я╕П  Duration: 240.4s
ЁЯФН Searching with ISRC: USSM11300080
ЁЯУЛ Found 5 results, checking durations...
   1. Supreme Court Live | SC Big Action On ECI ? CJI Suryakant | рд╕реБрдкреНрд░реАрдо рдХреЛрд░реНрдЯ STOP SIR ? Citizenship Act - 0s (diff: 240.4s)
   2. Sweater Weather - 241s (diff: 0.5999999999999943s)
   3. Ahmedabad School Blast Live | ркЕркоркжрк╛рк╡рк╛ркжркирлА ркЕркирлЗркХ рк╕рлНркХрлВрк▓ркирлЗ ркмрлЛркорлНркм ркмрлНрк▓рк╛рк╕рлНркЯркирлА ркзркоркХрлА | Zydus School | Udagam - 0s (diff: 240.4s)
   4. Chaitar Vasava ркирлЛ рккрк╛ркбрк▓рк┐ркпрк╛ркорк╛ркВ ркЖркжрк┐рк╡рк╛рк╕рлА ркЕркирлЗ рккрлЛрк▓рлАрк╕ркХрк░рлНркорлАркУркирлА ркмркмрк╛рк▓ркирлЗ рк▓ркИ ркорлЛркЯрлЛ ркзркбрк╛ркХрлЛ  | Nirbhay news | - 0s (diff: 240.4s)
   5. Gandhinagar ркерлА ркХрлГрк╖рк┐ ркоркВркдрлНрк░рлА Jitu Vaghani ркирлА ркЦрлЗркбрлВркдрлЛ ркорк╛ркЯрлЗ ркорлЛркЯрлА ркЬрк╛рк╣рлЗрк░рк╛ркдред Bhupendra Patel | Harsh Sanghvi - 0s (diff: 240.4s)
ЁЯОп Perfect match found at position 2: Sweater Weather (diff: 0.5999999999999943s)
тЬЕ ISRC match found: Sweater Weather (diff: 0.5999999999999943s)
тЬЕ Found match: Sweater Weather (isrc)
ЁЯОм Getting stream URL...
ЁЯОм Getting stream URL for: cULQhvuq1Zc
тЬЕ Stream ready!
тЬЕ Stream ready!
ЁЯО╡ Play request for: 5HzMZWEwP8baubqhmpjX75
ЁЯУб Fetching from Spotify API...
ЁЯФН Finding YouTube match...

ЁЯО╡ Track: Sweater Weather - Sped Up by The Neighbourhood
ЁЯУА ISRC: USSM12302374
тП▒я╕П  Duration: 218.938s
ЁЯФН Searching with ISRC: USSM12302374
ЁЯУЛ Found 5 results, checking durations...
   1. Chaitar Vasava ркирлЛ рккрк╛ркбрк▓рк┐ркпрк╛ркорк╛ркВ ркЖркжрк┐рк╡рк╛рк╕рлА ркЕркирлЗ рккрлЛрк▓рлАрк╕ркХрк░рлНркорлАркУркирлА ркмркмрк╛рк▓ркирлЗ рк▓ркИ ркорлЛркЯрлЛ ркзркбрк╛ркХрлЛ  | Nirbhay news | - 0s (diff: 218.938s)
   2. Gandhinagar ркерлА ркХрлГрк╖рк┐ ркоркВркдрлНрк░рлА Jitu Vaghani ркирлА ркЦрлЗркбрлВркдрлЛ ркорк╛ркЯрлЗ ркорлЛркЯрлА ркЬрк╛рк╣рлЗрк░рк╛ркдред Bhupendra Patel | Harsh Sanghvi - 0s (diff: 218.938s)
   3. Sweater Weather (Sped Up) - 219s (diff: 0.06200000000001182s)
   4. рккркдрлНркирлАркирлЗ ркдркорк╛рк░рк╛ рккрлНрк░рлЗркоркорк╛ркВЁЯдФЁЯШШ рккрк╛ркЧрк▓ ркХркИ рк░рлАркдрлЗ ркХрк░рк╡рлА.#motivation #viralvideo#shorts DIMPL VLOG 11 рк▓рк╛ркЗрк╡ ркЫрлЗ - 0s (diff: 218.938s)
   5. ркирлНркпрлБ рккрлНрк░рк┐ркпрк╛рк╢рлА рклрлВркЯрк╡рлЗрк░ ркнрк╛ркнрк░ЁЯЫНя╕ПЁЯТеЁЯШН7284917423тШОя╕П#trending - 35s (diff: 183.938s)
ЁЯОп Perfect match found at position 3: Sweater Weather (Sped Up) (diff: 0.06200000000001182s)
тЬЕ ISRC match found: Sweater Weather (Sped Up) (diff: 0.06200000000001182s)
тЬЕ Found match: Sweater Weather (Sped Up) (isrc)
ЁЯОм Getting stream URL...
ЁЯОм Getting stream URL for: ltdqa0kxCuA
тЬЕ Stream ready!
тЬЕ Stream ready!
ЁЯО╡ Play request for: 3USxtqRwSYz57Ewm6wWRMp
ЁЯУб Fetching from Spotify API...
ЁЯФН Finding YouTube match...

ЁЯО╡ Track: Heat Waves by Glass Animals
ЁЯУА ISRC: GBUM72000433
тП▒я╕П  Duration: 238.805s
ЁЯФН Searching with ISRC: GBUM72000433
ЁЯУЛ Found 5 results, checking durations...
   1. CM distributes developmental funds to municipal corporations & municipalities of Gujarat - 0s (diff: 238.805s)
   2. Heat Waves - Glass Animals (Lyrics) || (Must Watch) - 224s (diff: 14.805000000000007s)
   3. Heat Waves - 239s (diff: 0.19499999999999318s)
   4. Gandhinagar ркерлА ркХрлГрк╖рк┐ ркоркВркдрлНрк░рлА Jitu Vaghani ркирлА ркЦрлЗркбрлВркдрлЛ ркорк╛ркЯрлЗ ркорлЛркЯрлА ркЬрк╛рк╣рлЗрк░рк╛ркдред Bhupendra Patel | Harsh Sanghvi - 0s (diff: 238.805s)
   5. HINDI X ENGLISH MASHUP 8D AUDIO - 1511s (diff: 1272.195s)
ЁЯОп Perfect match found at position 3: Heat Waves (diff: 0.19499999999999318s)
тЬЕ ISRC match found: Heat Waves (diff: 0.19499999999999318s)
тЬЕ Found match: Heat Waves (isrc)
ЁЯОм Getting stream URL...
ЁЯОм Getting stream URL for: XDjB9E3YtUE
тЬЕ Stream ready!
тЬЕ Stream ready!
Spotify API error: Request failed with status code 404
Recommendations failed: Request failed with status code 404
Spotify API error: { error: { status: 404, message: 'Not Found' } }
Trending tracks failed: Request failed with status code 404
Spotify API error: Request failed with status code 404
Chill vibes failed: Request failed with status code 404
Spotify API error: Request failed with status code 404
Energy boost failed: Request failed with status code 404
Spotify API error: Request failed with status code 404
Recommendations failed: Request failed with status code 404
Spotify API error: Request failed with status code 404
Recommendations error: Request failed with status code 404
Spotify API error: { error: { status: 404, message: 'Not Found' } }
Trending tracks failed: Request failed with status code 404
Spotify API error: Request failed with status code 404
Chill vibes failed: Request failed with status code 404
Spotify API error: Request failed with status code 404
Energy boost failed: Request failed with status code 404
Spotify API error: Request failed with status code 404
Recommendations error: Request failed with status code 404
ЁЯО╡ Play request for: 48UPSzbZjgc449aqz8bxox
ЁЯУб Fetching from Spotify API...
ЁЯФН Finding YouTube match...

ЁЯО╡ Track: Californication by Red Hot Chili Peppers
ЁЯУА ISRC: USWB19900690
тП▒я╕П  Duration: 329.733s
ЁЯФН Searching with ISRC: USWB19900690
ЁЯУЛ Found 5 results, checking durations...
   1. Californication - 330s (diff: 0.2669999999999959s)
   2. #Surat ркЕркбрк╛ркЬркгркорк╛ркВ 90 рк╡рк░рлНрк╖рлАркп рк╡рлГркжрлНркз ркорк╣рк┐рк▓рк╛ ркнрк┐ркХрлНрк╖рлБркХркирлЗ ркорк╛рк░рк╡рк╛ ркмркжрк▓ #PI ркП ркХрк░рк╡рлЛ рккркбрлНркпрлЛ ркЦрлБрк▓рк╛рк╕рлЛ - 34s (diff: 295.733s)
   3. Californication - 330s (diff: 0.2669999999999959s)
   4. Chaitar Vasava ркирлЛ рккрк╛ркбрк▓рк┐ркпрк╛ркорк╛ркВ ркЖркжрк┐рк╡рк╛рк╕рлА ркЕркирлЗ рккрлЛрк▓рлАрк╕ркХрк░рлНркорлАркУркирлА ркмркмрк╛рк▓ркирлЗ рк▓ркИ ркорлЛркЯрлЛ ркзркбрк╛ркХрлЛ  | Nirbhay news | - 0s (diff: 329.733s)
   5. 3BHK TENAMENT FOR SALE | 9408200090 | #3bhk #rajkotproperty #realestate - 39s (diff: 290.733s)
ЁЯОп Perfect match found at position 1: Californication (diff: 0.2669999999999959s)
тЬЕ ISRC match found: Californication (diff: 0.2669999999999959s)
тЬЕ Found match: Californication (isrc)
ЁЯОм Getting stream URL...
ЁЯОм Getting stream URL for: OtXiwSCq99Q
тЬЕ Stream ready!
тЬЕ Stream ready!
ЁЯО╡ Play request for: 2aibwv5hGXSgw7Yru8IYTO
ЁЯУб Fetching from Spotify API...
ЁЯФН Finding YouTube match...

ЁЯО╡ Track: Snow (Hey Oh) by Red Hot Chili Peppers
ЁЯУА ISRC: USWB10601591
тП▒я╕П  Duration: 334.666s
ЁЯФН Searching with ISRC: USWB10601591
ЁЯУЛ Found 5 results, checking durations...
   1. Gujarat Govt On Marriage LIVE | ркнрк╛ркЧрлЗркбрлБ рк▓ркЧрлНркиркирлЗ рк▓ркИ ркмркжрк▓рк╛ркИ рк╢ркХрлЗ ркЫрлЗ рк▓ркЧрлНрки ркирлЛркВркзркгрлАркирлЛ ркирк┐ркпрко | Gandhinagar |News - 0s (diff: 334.666s)
   2. Gandhinagar ркерлА ркХрлГрк╖рк┐ ркоркВркдрлНрк░рлА Jitu Vaghani ркирлА ркЦрлЗркбрлВркдрлЛ ркорк╛ркЯрлЗ ркорлЛркЯрлА ркЬрк╛рк╣рлЗрк░рк╛ркдред Bhupendra Patel | Harsh Sanghvi - 0s (diff: 334.666s)
   3. Chaitar Vasava ркирлЛ рккрк╛ркбрк▓рк┐ркпрк╛ркорк╛ркВ ркЖркжрк┐рк╡рк╛рк╕рлА ркЕркирлЗ рккрлЛрк▓рлАрк╕ркХрк░рлНркорлАркУркирлА ркмркмрк╛рк▓ркирлЗ рк▓ркИ ркорлЛркЯрлЛ ркзркбрк╛ркХрлЛ  | Nirbhay news | - 0s (diff: 334.666s)
   4. рккрк╛ркбрк▓рк┐ркпрк╛ркорк╛ркВ ркЖркжрк┐рк╡рк╛рк╕рлАркУ ркЕркирлЗ рккрлЛрк▓рлАрк╕ рк╡ркЪрлНркЪрлЗ ркеркпрлЗрк▓рк╛ ркШрк░рлНрк╖ркг ркЕркВркЧрлЗ ркорлБркжрлНркжрлЗ ркЪрлИркдрк░ рк╡рк╕рк╛рк╡рк╛ ркЖркХрлНрк░ркоркХ |  BS9 TV NEWS - 0s (diff: 334.666s)
   5. Snow (Hey Oh) - 335s (diff: 0.3340000000000032s)
ЁЯОп Perfect match found at position 5: Snow (Hey Oh) (diff: 0.3340000000000032s)
тЬЕ ISRC match found: Snow (Hey Oh) (diff: 0.3340000000000032s)
тЬЕ Found match: Snow (Hey Oh) (isrc)
ЁЯОм Getting stream URL...
ЁЯОм Getting stream URL for: s6GIT4RhFv0
тЬЕ Stream ready!
тЬЕ Stream ready!
ЁЯО╡ Play request for: 63OQupATfueTdZMWTxW03A
ЁЯУб Fetching from Spotify API...
ЁЯФН Finding YouTube match...

ЁЯО╡ Track: Karma Police by Radiohead
ЁЯУА ISRC: GBAYE9701368
тП▒я╕П  Duration: 264.066s
ЁЯФН Searching with ISRC: GBAYE9701368
ЁЯУЛ Found 5 results, checking durations...
   1. Gujarat Govt On Marriage LIVE | ркнрк╛ркЧрлЗркбрлБ рк▓ркЧрлНркиркирлЗ рк▓ркИ ркмркжрк▓рк╛ркИ рк╢ркХрлЗ ркЫрлЗ рк▓ркЧрлНрки ркирлЛркВркзркгрлАркирлЛ ркирк┐ркпрко | Gandhinagar |News - 0s (diff: 264.066s)
   2. Chaitar Vasava ркирлЛ рккрк╛ркбрк▓рк┐ркпрк╛ркорк╛ркВ ркЖркжрк┐рк╡рк╛рк╕рлА ркЕркирлЗ рккрлЛрк▓рлАрк╕ркХрк░рлНркорлАркУркирлА ркмркмрк╛рк▓ркирлЗ рк▓ркИ ркорлЛркЯрлЛ ркзркбрк╛ркХрлЛ  | Nirbhay news | - 0s (diff: 264.066s)
   3. Karma Police - 265s (diff: 0.9340000000000259s)
   4. Gandhinagar ркерлА ркХрлГрк╖рк┐ ркоркВркдрлНрк░рлА Jitu Vaghani ркирлА ркЦрлЗркбрлВркдрлЛ ркорк╛ркЯрлЗ ркорлЛркЯрлА ркЬрк╛рк╣рлЗрк░рк╛ркдред Bhupendra Patel | Harsh Sanghvi - 0s (diff: 264.066s)
   5. #708 ркжрк╕рлНркдрк╛рк╡рлЗркЬ рк╡ркЦркдрлЗ ркЦрк╛ркдрлЗркжрк╛рк░рлА ркдрлВркЯрлЗ ркирк╣рлАркВ ркдрлЗ ркмрк╛ркмркдрлЗ ркЕркЧркдрлНркпркирлА ркорк╛рк╣рк┐ркдрлА ркЬрлЗ ркХрлНрк╖ркдрлНрк░рк┐ркпрлЛркирлА ркХрлГрккрк╛ркерлА ркЖрккркгрлЗ ркЦрлЗркбрлВркд... - 579s (diff: 314.934s)
ЁЯОп Perfect match found at position 3: Karma Police (diff: 0.9340000000000259s)
тЬЕ ISRC match found: Karma Police (diff: 0.9340000000000259s)
тЬЕ Found match: Karma Police (isrc)
ЁЯОм Getting stream URL...
ЁЯОм Getting stream URL for: 4IJI6soiQhI
тЬЕ Stream ready!
тЬЕ Stream ready!
ЁЯО╡ Play request for: 2GBeNjgz5HSvBkE7dRryxk
ЁЯУб Fetching from Spotify API...
ЁЯФН Finding YouTube match...

ЁЯО╡ Track: Karma Police by Pierce The Veil
ЁЯУА ISRC: US5262426526
тП▒я╕П  Duration: 268.005s
ЁЯФН Searching with ISRC: US5262426526
ЁЯУЛ Found 5 results, checking durations...
   1. @strating price  299 rs  whatsapp no  9492196124 - 0s (diff: 268.005s)
   2. Gandhinagar ркерлА ркХрлГрк╖рк┐ ркоркВркдрлНрк░рлА Jitu Vaghani ркирлА ркЦрлЗркбрлВркдрлЛ ркорк╛ркЯрлЗ ркорлЛркЯрлА ркЬрк╛рк╣рлЗрк░рк╛ркдред Bhupendra Patel | Harsh Sanghvi - 0s (diff: 268.005s)
   3. Karma Police - 269s (diff: 0.9950000000000045s)
   4. Manchurian Dosa !!#shorts - 60s (diff: 208.005s)
   5. CONTACT 9311995647 - 16s (diff: 252.005s)
ЁЯОп Perfect match found at position 3: Karma Police (diff: 0.9950000000000045s)
тЬЕ ISRC match found: Karma Police (diff: 0.9950000000000045s)
тЬЕ Found match: Karma Police (isrc)
ЁЯОм Getting stream URL...
ЁЯОм Getting stream URL for: dpmO5DFLUY4
ЁЯО╡ Play request for: 6tRdywsu27GKJ70tqJhYxI
ЁЯУб Fetching from Spotify API...
ЁЯФН Finding YouTube match...

ЁЯО╡ Track: Karma Police - Live In Denver by Panic! At The Disco
ЁЯУА ISRC: USAT22506026
тП▒я╕П  Duration: 205.32s
ЁЯФН Searching with ISRC: USAT22506026
ЁЯУЛ Found 5 results, checking durations...
   1. Chaitar Vasava ркирлЛ рккрк╛ркбрк▓рк┐ркпрк╛ркорк╛ркВ ркЖркжрк┐рк╡рк╛рк╕рлА ркЕркирлЗ рккрлЛрк▓рлАрк╕ркХрк░рлНркорлАркУркирлА ркмркмрк╛рк▓ркирлЗ рк▓ркИ ркорлЛркЯрлЛ ркзркбрк╛ркХрлЛ  | Nirbhay news | - 0s (diff: 205.32s)
   2. Gandhinagar ркерлА ркХрлГрк╖рк┐ ркоркВркдрлНрк░рлА Jitu Vaghani ркирлА ркЦрлЗркбрлВркдрлЛ ркорк╛ркЯрлЗ ркорлЛркЯрлА ркЬрк╛рк╣рлЗрк░рк╛ркдред Bhupendra Patel | Harsh Sanghvi - 0s (diff: 205.32s)
   3. ркИркорк░рлНркЬркирлНрк╕рлА рк▓рлЗркирлНркбрк┐ркВркЧ ркХрк░ркдрк╛ рккрлНрк▓рлЗрки ркХрлНрк░рлЗрк╢, 7 ркирк╛ ркорлЛ-ркд 2025 | Spark Today News Vadodara - 60s (diff: 145.32s)
   4. Karma Police (Live In Denver) - 206s (diff: 0.6800000000000068s)
   5. Introduction  to Abhyaas Test Series - 21s (diff: 184.32s)
ЁЯОп Perfect match found at position 4: Karma Police (Live In Denver) (diff: 0.6800000000000068s)
тЬЕ ISRC match found: Karma Police (Live In Denver) (diff: 0.6800000000000068s)
тЬЕ Found match: Karma Police (Live In Denver) (isrc)
ЁЯОм Getting stream URL...
ЁЯОм Getting stream URL for: wt1LT6aeC8Q
тЬЕ Stream ready!
тЬЕ Stream ready!
тЬЕ Stream ready!
тЬЕ Stream ready!
ЁЯО╡ Play request for: 73CKjW3vsUXRpy3NnX4H7F
ЁЯУб Fetching from Spotify API...
ЁЯФН Finding YouTube match...

ЁЯО╡ Track: Fake Plastic Trees by Radiohead
ЁЯУА ISRC: GBAYE9400056
тП▒я╕П  Duration: 290.706s
ЁЯФН Searching with ISRC: GBAYE9400056
ЁЯУЛ Found 5 results, checking durations...
   1. Chaitar Vasava ркирлЛ рккрк╛ркбрк▓рк┐ркпрк╛ркорк╛ркВ ркЖркжрк┐рк╡рк╛рк╕рлА ркЕркирлЗ рккрлЛрк▓рлАрк╕ркХрк░рлНркорлАркУркирлА ркмркмрк╛рк▓ркирлЗ рк▓ркИ ркорлЛркЯрлЛ ркзркбрк╛ркХрлЛ  | Nirbhay news | - 0s (diff: 290.706s)
   2. рккрк╛ркбрк▓рк┐ркпрк╛ркорк╛ркВ ркЖркжрк┐рк╡рк╛рк╕рлАркУ ркЕркирлЗ рккрлЛрк▓рлАрк╕ рк╡ркЪрлНркЪрлЗ ркеркпрлЗрк▓рк╛ ркШрк░рлНрк╖ркг ркЕркВркЧрлЗ ркорлБркжрлНркжрлЗ ркЪрлИркдрк░ рк╡рк╕рк╛рк╡рк╛ ркЖркХрлНрк░ркоркХ |  BS9 TV NEWS - 0s (diff: 290.706s)
   3. Fake Plastic Trees - 291s (diff: 0.2939999999999827s)
   4. Gandhinagar ркерлА ркХрлГрк╖рк┐ ркоркВркдрлНрк░рлА Jitu Vaghani ркирлА ркЦрлЗркбрлВркдрлЛ ркорк╛ркЯрлЗ ркорлЛркЯрлА ркЬрк╛рк╣рлЗрк░рк╛ркдред Bhupendra Patel | Harsh Sanghvi - 0s (diff: 290.706s)
   5. Ahmedabad School Blast News Live | ркЭрк╛ркпркбрк╕ рк╕рлНркХрлВрк▓ркирлЗ ркмрлЛркорлНркмркерлА ркЙркбрк╛рк╡рлА ркжрлЗрк╡рк╛ркирлА ркзркоркХрлА | Zydus | Mail | News - 0s (diff: 290.706s)
ЁЯОп Perfect match found at position 3: Fake Plastic Trees (diff: 0.2939999999999827s)
тЬЕ ISRC match found: Fake Plastic Trees (diff: 0.2939999999999827s)
тЬЕ Found match: Fake Plastic Trees (isrc)
ЁЯОм Getting stream URL...
ЁЯОм Getting stream URL for: 6gDhsUWCHrg
тЬЕ Stream ready!
тЬЕ Stream ready!
ЁЯО╡ Play request for: 1uvyZBs4IZYRebHIB1747m
ЁЯУб Fetching from Spotify API...
ЁЯФН Finding YouTube match...

ЁЯО╡ Track: Purple Rain by Prince
ЁЯУА ISRC: USWB10001880
тП▒я╕П  Duration: 521.866s
ЁЯФН Searching with ISRC: USWB10001880
ЁЯУЛ Found 5 results, checking durations...
   1. LIVE | Ambaji ркирк╛ рккрк╛ркбрк▓рлАркпрк╛ рккрк╣рлЛркЪрлНркпрк╛ Chaitar Vasava, ркЬркп ркЬрлЛрк╣рк░ркирлЛ ркирк╛ркж ркХрк░рлА ркЕркирлЗ рккркЫрлА... - 0s (diff: 521.866s)
   2. Chaitar Vasava ркирлЛ рккрк╛ркбрк▓рк┐ркпрк╛ркорк╛ркВ ркЖркжрк┐рк╡рк╛рк╕рлА ркЕркирлЗ рккрлЛрк▓рлАрк╕ркХрк░рлНркорлАркУркирлА ркмркмрк╛рк▓ркирлЗ рк▓ркИ ркорлЛркЯрлЛ ркзркбрк╛ркХрлЛ  | Nirbhay news | - 0s (diff: 521.866s)
   3. Gandhinagar ркерлА ркХрлГрк╖рк┐ ркоркВркдрлНрк░рлА Jitu Vaghani ркирлА ркЦрлЗркбрлВркдрлЛ ркорк╛ркЯрлЗ ркорлЛркЯрлА ркЬрк╛рк╣рлЗрк░рк╛ркдред Bhupendra Patel | Harsh Sanghvi - 0s (diff: 521.866s)
   4. Supreme Court Live | SC Big Action On ECI ? CJI Suryakant | рд╕реБрдкреНрд░реАрдо рдХреЛрд░реНрдЯ STOP SIR ? Citizenship Act - 0s (diff: 521.866s)
   5. 10700 ркХрк░рлЛркб рк░рлВрккрк┐ркпрк╛ркирлА рккрк╛рк░рлНркЯрлА #shorts #modi - 43s (diff: 478.866s)
тЪая╕П  No good ISRC match found, trying fallback...
ЁЯФН Searching: Purple Rain Prince
ЁЯФН Trying: Purple Rain Prince topic
ЁЯУЛ Found 5 results, checking durations...
ЁЯОп Perfect match found at position 1: Purple Rain (diff: 0.13400000000001455s)
тЬЕ Match found: Purple Rain (diff: 0.13400000000001455s)
тЬЕ Found match: Purple Rain (search)
ЁЯОм Getting stream URL...
ЁЯОм Getting stream URL for: 347vCib_lMs
тЬЕ Stream ready!
тЬЕ Stream ready!
ЁЯО╡ Play request for: 3VbGCXWRiouAq8VyMYN2MI
ЁЯУб Fetching from Spotify API...
ЁЯФН Finding YouTube match...

ЁЯО╡ Track: Love Me Do - Remastered 2009 by The Beatles
ЁЯУА ISRC: GBAYE0601417
тП▒я╕П  Duration: 141.693s
ЁЯФН Searching with ISRC: GBAYE0601417
ЁЯУЛ Found 5 results, checking durations...
   1. Radhe Krishna offical  is live ркЬркп ркорк╛ркдрк╛ркЬрлА ркпрлБркЯрлНркпрлБркм рклрлЗркорлАрк▓рлА ЁЯТ╕ЁЯТ╕ЁЯТ╕ЁЯСНЁЯСНтЭдя╕ПтЭдя╕ПтЭдя╕ПЁЯЪйЁЯЪйЁЯЪйЁЯе░ЁЯе░ - 0s (diff: 141.693s)
   2. LIVE | Ambaji ркирк╛ рккрк╛ркбрк▓рлАркпрк╛ рккрк╣рлЛркЪрлНркпрк╛ Chaitar Vasava, ркЬркп ркЬрлЛрк╣рк░ркирлЛ ркирк╛ркж ркХрк░рлА ркЕркирлЗ рккркЫрлА... - 0s (diff: 141.693s)
   3. Gandhinagar ркерлА ркХрлГрк╖рк┐ ркоркВркдрлНрк░рлА Jitu Vaghani ркирлА ркЦрлЗркбрлВркдрлЛ ркорк╛ркЯрлЗ ркорлЛркЯрлА ркЬрк╛рк╣рлЗрк░рк╛ркдред Bhupendra Patel | Harsh Sanghvi - 0s (diff: 141.693s)
   4. рккрк╛ркбрк▓рк┐ркпрк╛ркорк╛ркВ ркЖркжрк┐рк╡рк╛рк╕рлАркУ ркЕркирлЗ рккрлЛрк▓рлАрк╕ рк╡ркЪрлНркЪрлЗ ркеркпрлЗрк▓рк╛ ркШрк░рлНрк╖ркг ркЕркВркЧрлЗ ркорлБркжрлНркжрлЗ ркЪрлИркдрк░ рк╡рк╕рк╛рк╡рк╛ ркЖркХрлНрк░ркоркХ |  BS9 TV NEWS - 0s (diff: 141.693s)
   5. Love Me Do (Remastered 2009) - 142s (diff: 0.30699999999998795s)
ЁЯОп Perfect match found at position 5: Love Me Do (Remastered 2009) (diff: 0.30699999999998795s)
тЬЕ ISRC match found: Love Me Do (Remastered 2009) (diff: 0.30699999999998795s)
тЬЕ Found match: Love Me Do (Remastered 2009) (isrc)
ЁЯОм Getting stream URL...
ЁЯОм Getting stream URL for: 0pGOFX1D_jg
тЬЕ Stream ready!
тЬЕ Stream ready!
ЁЯО╡ Play request for: 6edCj6jvE6Xs5ECmhMsSxp
ЁЯУб Fetching from Spotify API...
ЁЯФН Finding YouTube match...

ЁЯО╡ Track: Friends In Low Places - Live by Garth Brooks
ЁЯУА ISRC: GBSMU8531080
тП▒я╕П  Duration: 361.94s
ЁЯФН Searching with ISRC: GBSMU8531080
ЁЯУЛ Found 5 results, checking durations...
   1. Radhe Krishna offical  is live ркЬркп ркорк╛ркдрк╛ркЬрлА ркпрлБркЯрлНркпрлБркм рклрлЗркорлАрк▓рлА ЁЯТ╕ЁЯТ╕ЁЯТ╕ЁЯСНЁЯСНтЭдя╕ПтЭдя╕ПтЭдя╕ПЁЯЪйЁЯЪйЁЯЪйЁЯе░ЁЯе░ - 0s (diff: 361.94s)
   2. LIVE | Ambaji ркирк╛ рккрк╛ркбрк▓рлАркпрк╛ рккрк╣рлЛркЪрлНркпрк╛ Chaitar Vasava, ркЬркп ркЬрлЛрк╣рк░ркирлЛ ркирк╛ркж ркХрк░рлА ркЕркирлЗ рккркЫрлА... - 0s (diff: 361.94s)
   3. Gandhinagar ркерлА ркХрлГрк╖рк┐ ркоркВркдрлНрк░рлА Jitu Vaghani ркирлА ркЦрлЗркбрлВркдрлЛ ркорк╛ркЯрлЗ ркорлЛркЯрлА ркЬрк╛рк╣рлЗрк░рк╛ркдред Bhupendra Patel | Harsh Sanghvi - 0s (diff: 361.94s)
   4. Supreme Court Live | SC Big Action On ECI ? CJI Suryakant | рд╕реБрдкреНрд░реАрдо рдХреЛрд░реНрдЯ STOP SIR ? Citizenship Act - 0s (diff: 361.94s)
   5. HDR 4K Portrait| Professional Retouching LookCanonR5 + Photoshop ColorGradingMasterclass#E9DED78#671 - 65s (diff: 296.94s)
тЪая╕П  No good ISRC match found, trying fallback...
ЁЯФН Searching: Friends In Low Places - Live Garth Brooks
ЁЯФН Trying: Friends In Low Places - Live Garth Brooks topic
ЁЯУЛ Found 5 results, checking durations...
ЁЯОп Perfect match found at position 2: Friends In Low Places (live) (diff: 1.0600000000000023s)
тЬЕ Match found: Friends In Low Places (live) (diff: 1.0600000000000023s)
тЬЕ Found match: Friends In Low Places (live) (search)
ЁЯОм Getting stream URL...
ЁЯОм Getting stream URL for: MN3XfhMSCCo
тЬЕ Stream ready!
тЬЕ Stream ready!
ЁЯО╡ Play request for: 0RfZosFEQCOjpwbrdExXE1
ЁЯУб Fetching from Spotify API...
ЁЯФН Finding YouTube match...

ЁЯО╡ Track: Mom (Garth Brooks) by Nashville Tribute Collection
ЁЯУА ISRC: AUXN21733820
тП▒я╕П  Duration: 239.364s
ЁЯФН Searching with ISRC: AUXN21733820
ЁЯУЛ Found 5 results, checking durations...
   1. Gandhinagar ркерлА ркХрлГрк╖рк┐ ркоркВркдрлНрк░рлА Jitu Vaghani ркирлА ркЦрлЗркбрлВркдрлЛ ркорк╛ркЯрлЗ ркорлЛркЯрлА ркЬрк╛рк╣рлЗрк░рк╛ркдред Bhupendra Patel | Harsh Sanghvi - 0s (diff: 239.364s)
   2. Supermicro IoT SuperServer 111E-FWTR REVIEW | IT Creations - 381s (diff: 141.636s)
   3. ntroducing the "VitaWear SmartBand," a next-generation wearable gadget - 13s (diff: 226.364s)
   4. Rs 1999, Search Code- TSS-1017, To order download our app from playstore or visit www.utsarees.in - 18s (diff: 221.364s)
   5. ЁЯСиЁЯП╗тАНЁЯТ╗it рк╡рк╛рк│рк╛ ркорк┐ркдрлНрк░рлЛ ркорк╛ркЯрлЗ ркЬрлЛрк░ркжрк╛рк░ 2 in 1  рк▓рлЗрккркЯрлЛркк ркорк╛ркдрлНрк░ :- 36,999/- #shorts #trending - 38s (diff: 201.364s)
тЪая╕П  No good ISRC match found, trying fallback...
ЁЯФН Searching: Mom (Garth Brooks) Nashville Tribute Collection
ЁЯФН Trying: Mom (Garth Brooks) Nashville Tribute Collection topic
ЁЯУЛ Found 5 results, checking durations...
ЁЯОп Perfect match found at position 3: Mom (diff: 2.3640000000000043s)
тЬЕ Match found: Mom (diff: 2.3640000000000043s)
тЬЕ Found match: Mom (search)
ЁЯОм Getting stream URL...
ЁЯОм Getting stream URL for: gIw-abwMrDo
тЬЕ Stream ready!
тЬЕ Stream ready!
ЁЯО╡ Play request for: 0mhpz22CNZHnmnvo137rnq
ЁЯУб Fetching from Spotify API...
ЁЯФН Finding YouTube match...

ЁЯО╡ Track: Hush Little Baby Don't You Cry by Buy You A Mocking Bird
ЁЯУА ISRC: QZAKB2012580
тП▒я╕П  Duration: 122.625s
ЁЯФН Searching with ISRC: QZAKB2012580
ЁЯУЛ Found 5 results, checking durations...
   1. Chaitar Vasava ркирлЛ рккрк╛ркбрк▓рк┐ркпрк╛ркорк╛ркВ ркЖркжрк┐рк╡рк╛рк╕рлА ркЕркирлЗ рккрлЛрк▓рлАрк╕ркХрк░рлНркорлАркУркирлА ркмркмрк╛рк▓ркирлЗ рк▓ркИ ркорлЛркЯрлЛ ркзркбрк╛ркХрлЛ  | Nirbhay news | - 0s (diff: 122.625s)
   2. Radhe Krishna offical  is live ркЬркп ркорк╛ркдрк╛ркЬрлА ркпрлБркЯрлНркпрлБркм рклрлЗркорлАрк▓рлА ЁЯТ╕ЁЯТ╕ЁЯТ╕ЁЯСНЁЯСНтЭдя╕ПтЭдя╕ПтЭдя╕ПЁЯЪйЁЯЪйЁЯЪйЁЯе░ЁЯе░ - 0s (diff: 122.625s)
   3. Gandhinagar ркерлА ркХрлГрк╖рк┐ ркоркВркдрлНрк░рлА Jitu Vaghani ркирлА ркЦрлЗркбрлВркдрлЛ ркорк╛ркЯрлЗ ркорлЛркЯрлА ркЬрк╛рк╣рлЗрк░рк╛ркдред Bhupendra Patel | Harsh Sanghvi - 0s (diff: 122.625s)
   4. Supreme Court Live | SC Big Action On ECI ? CJI Suryakant | рд╕реБрдкреНрд░реАрдо рдХреЛрд░реНрдЯ STOP SIR ? Citizenship Act - 0s (diff: 122.625s)
   5. Hush Little Baby Don't You Cry - 123s (diff: 0.375s)
ЁЯОп Perfect match found at position 5: Hush Little Baby Don't You Cry (diff: 0.375s)
тЬЕ ISRC match found: Hush Little Baby Don't You Cry (diff: 0.375s)
тЬЕ Found match: Hush Little Baby Don't You Cry (isrc)
ЁЯОм Getting stream URL...
ЁЯОм Getting stream URL for: AuLAyIrVF8k
тЬЕ Stream ready!
тЬЕ Stream ready!
ЁЯО╡ Play request for: 0rlLBWFFTQiOWi963SH9bb
ЁЯУб Fetching from Spotify API...
ЁЯФН Finding YouTube match...

ЁЯО╡ Track: Choo Lo by The Local Train
ЁЯУА ISRC: INO131301172
тП▒я╕П  Duration: 233.63s
ЁЯФН Searching with ISRC: INO131301172
ЁЯУЛ Found 5 results, checking durations...
   1. Choo Lo - 234s (diff: 0.37000000000000455s)
   2. Radhe Krishna offical  is live ркЬркп ркорк╛ркдрк╛ркЬрлА ркпрлБркЯрлНркпрлБркм рклрлЗркорлАрк▓рлА ЁЯТ╕ЁЯТ╕ЁЯТ╕ЁЯСНЁЯСНтЭдя╕ПтЭдя╕ПтЭдя╕ПЁЯЪйЁЯЪйЁЯЪйЁЯе░ЁЯе░ - 0s (diff: 233.63s)
   3. Gandhinagar ркерлА ркХрлГрк╖рк┐ ркоркВркдрлНрк░рлА Jitu Vaghani ркирлА ркЦрлЗркбрлВркдрлЛ ркорк╛ркЯрлЗ ркорлЛркЯрлА ркЬрк╛рк╣рлЗрк░рк╛ркдред Bhupendra Patel | Harsh Sanghvi - 0s (diff: 233.63s)
   4. #708 ркжрк╕рлНркдрк╛рк╡рлЗркЬ рк╡ркЦркдрлЗ ркЦрк╛ркдрлЗркжрк╛рк░рлА ркдрлВркЯрлЗ ркирк╣рлАркВ ркдрлЗ ркмрк╛ркмркдрлЗ ркЕркЧркдрлНркпркирлА ркорк╛рк╣рк┐ркдрлА ркЬрлЗ ркХрлНрк╖ркдрлНрк░рк┐ркпрлЛркирлА ркХрлГрккрк╛ркерлА ркЖрккркгрлЗ ркЦрлЗркбрлВркд... - 579s (diff: 345.37s)
   5. тАШркдрлЗрк░рк╛ ркдрлБркЬркХрлЛ ркЕрк░рлНрккркгтАЩ ркХрк╛рк░рлНркпркХрлНрк░рко ркЕркВркдрк░рлНркЧркд рк╢рк╛рккрк░тАУрк╡рлЗрк░рк╛рк╡рк│ рккрлЛрк▓рлАрк╕рлЗ рк░рлВ. 3,12,294 ркХрк┐ркВркоркдркирк╛ 10 ркЧрлБрко ркеркпрлЗрк▓рк╛ ркорлЛркмрк╛ркИрк▓... - 25s (diff: 208.63s)
ЁЯОп Perfect match found at position 1: Choo Lo (diff: 0.37000000000000455s)
тЬЕ ISRC match found: Choo Lo (diff: 0.37000000000000455s)
тЬЕ Found match: Choo Lo (isrc)
ЁЯОм Getting stream URL...
ЁЯОм Getting stream URL for: opwZ_PJ-F_E
тЬЕ Stream ready!
тЬЕ Stream ready!
ЁЯО╡ Play request for: 4km0RUkMMFdx8iDuq36o2w
ЁЯУб Fetching from Spotify API...
ЁЯФН Finding YouTube match...

ЁЯО╡ Track: Janam Janam by Pritam
ЁЯУА ISRC: INS171501744
тП▒я╕П  Duration: 237.896s
ЁЯФН Searching with ISRC: INS171501744
ЁЯУЛ Found 5 results, checking durations...
   1. Janam Janam - 238s (diff: 0.10400000000001342s)
   2. Chaitar Vasava ркирлЛ рккрк╛ркбрк▓рк┐ркпрк╛ркорк╛ркВ ркЖркжрк┐рк╡рк╛рк╕рлА ркЕркирлЗ рккрлЛрк▓рлАрк╕ркХрк░рлНркорлАркУркирлА ркмркмрк╛рк▓ркирлЗ рк▓ркИ ркорлЛркЯрлЛ ркзркбрк╛ркХрлЛ  | Nirbhay news | - 0s (diff: 237.896s)
   3. Radhe Krishna offical  is live ркЬркп ркорк╛ркдрк╛ркЬрлА ркпрлБркЯрлНркпрлБркм рклрлЗркорлАрк▓рлА ЁЯТ╕ЁЯТ╕ЁЯТ╕ЁЯСНЁЯСНтЭдя╕ПтЭдя╕ПтЭдя╕ПЁЯЪйЁЯЪйЁЯЪйЁЯе░ЁЯе░ - 0s (diff: 237.896s)
   4. Gandhinagar ркерлА ркХрлГрк╖рк┐ ркоркВркдрлНрк░рлА Jitu Vaghani ркирлА ркЦрлЗркбрлВркдрлЛ ркорк╛ркЯрлЗ ркорлЛркЯрлА ркЬрк╛рк╣рлЗрк░рк╛ркдред Bhupendra Patel | Harsh Sanghvi - 0s (diff: 237.896s)
   5. рккрк╛ркбрк▓рк┐ркпрк╛ркорк╛ркВ ркЖркжрк┐рк╡рк╛рк╕рлАркУ ркЕркирлЗ рккрлЛрк▓рлАрк╕ рк╡ркЪрлНркЪрлЗ ркеркпрлЗрк▓рк╛ ркШрк░рлНрк╖ркг ркЕркВркЧрлЗ ркорлБркжрлНркжрлЗ ркЪрлИркдрк░ рк╡рк╕рк╛рк╡рк╛ ркЖркХрлНрк░ркоркХ |  BS9 TV NEWS - 0s (diff: 237.896s)
ЁЯОп Perfect match found at position 1: Janam Janam (diff: 0.10400000000001342s)
тЬЕ ISRC match found: Janam Janam (diff: 0.10400000000001342s)
тЬЕ Found match: Janam Janam (isrc)
ЁЯОм Getting stream URL...
ЁЯОм Getting stream URL for: 5rHzi_5rSyw
тЬЕ Stream ready!
тЬЕ Stream ready!
ЁЯО╡ Play request for: 2kbxGCtWSV0f1ON720Bd4O
ЁЯУб Fetching from Spotify API...
ЁЯФН Finding YouTube match...

ЁЯО╡ Track: Don'u Don'u Don'u - The Don's Romance by Anirudh Ravichander
ЁЯУА ISRC: INS171500893
тП▒я╕П  Duration: 195.709s
ЁЯФН Searching with ISRC: INS171500893
ЁЯУЛ Found 5 results, checking durations...
   1. LIVE | Ambaji ркирк╛ рккрк╛ркбрк▓рлАркпрк╛ рккрк╣рлЛркЪрлНркпрк╛ Chaitar Vasava, ркЬркп ркЬрлЛрк╣рк░ркирлЛ ркирк╛ркж ркХрк░рлА ркЕркирлЗ рккркЫрлА... - 0s (diff: 195.709s)
   2. Gandhinagar ркерлА ркХрлГрк╖рк┐ ркоркВркдрлНрк░рлА Jitu Vaghani ркирлА ркЦрлЗркбрлВркдрлЛ ркорк╛ркЯрлЗ ркорлЛркЯрлА ркЬрк╛рк╣рлЗрк░рк╛ркдред Bhupendra Patel | Harsh Sanghvi - 0s (diff: 195.709s)
   3. Don'u Don'u Don'u (The Don's Romance) - 196s (diff: 0.2909999999999968s)
   4. Radhe Krishna offical  is live ркЬркп ркорк╛ркдрк╛ркЬрлА ркпрлБркЯрлНркпрлБркм рклрлЗркорлАрк▓рлА ЁЯТ╕ЁЯТ╕ЁЯТ╕ЁЯСНЁЯСНтЭдя╕ПтЭдя╕ПтЭдя╕ПЁЯЪйЁЯЪйЁЯЪйЁЯе░ЁЯе░ - 0s (diff: 195.709s)
   5. рккрк╛ркбрк▓рк┐ркпрк╛ркорк╛ркВ ркЖркжрк┐рк╡рк╛рк╕рлАркУ ркЕркирлЗ рккрлЛрк▓рлАрк╕ рк╡ркЪрлНркЪрлЗ ркеркпрлЗрк▓рк╛ ркШрк░рлНрк╖ркг ркЕркВркЧрлЗ ркорлБркжрлНркжрлЗ ркЪрлИркдрк░ рк╡рк╕рк╛рк╡рк╛ ркЖркХрлНрк░ркоркХ |  BS9 TV NEWS - 0s (diff: 195.709s)
ЁЯОп Perfect match found at position 3: Don'u Don'u Don'u (The Don's Romance) (diff: 0.2909999999999968s)
тЬЕ ISRC match found: Don'u Don'u Don'u (The Don's Romance) (diff: 0.2909999999999968s)
тЬЕ Found match: Don'u Don'u Don'u (The Don's Romance) (isrc)
ЁЯОм Getting stream URL...
ЁЯОм Getting stream URL for: nn7WJlphPSE
тЬЕ Stream ready!
тЬЕ Stream ready!
ЁЯО╡ Play request for: 5lKE040hUfDAKOR8HLG92p
ЁЯУб Fetching from Spotify API...
ЁЯФН Finding YouTube match...

ЁЯО╡ Track: Jeena Jeena by Sachin-Jigar
ЁЯУА ISRC: GBSGZ1500292
тП▒я╕П  Duration: 228.969s
ЁЯФН Searching with ISRC: GBSGZ1500292
ЁЯУЛ Found 5 results, checking durations...
   1. Radhe Krishna offical  is live ркЬркп ркорк╛ркдрк╛ркЬрлА ркпрлБркЯрлНркпрлБркм рклрлЗркорлАрк▓рлА ЁЯТ╕ЁЯТ╕ЁЯТ╕ЁЯСНЁЯСНтЭдя╕ПтЭдя╕ПтЭдя╕ПЁЯЪйЁЯЪйЁЯЪйЁЯе░ЁЯе░ - 0s (diff: 228.969s)
   2. Jeena Jeena - 229s (diff: 0.03100000000000591s)
   3. LIVE | Ambaji ркирк╛ рккрк╛ркбрк▓рлАркпрк╛ рккрк╣рлЛркЪрлНркпрк╛ Chaitar Vasava, ркЬркп ркЬрлЛрк╣рк░ркирлЛ ркирк╛ркж ркХрк░рлА ркЕркирлЗ рккркЫрлА... - 0s (diff: 228.969s)
   4. Jeena Jeena (From "Badlapur") - 229s (diff: 0.03100000000000591s)
   5. Gandhinagar ркерлА ркХрлГрк╖рк┐ ркоркВркдрлНрк░рлА Jitu Vaghani ркирлА ркЦрлЗркбрлВркдрлЛ ркорк╛ркЯрлЗ ркорлЛркЯрлА ркЬрк╛рк╣рлЗрк░рк╛ркдред Bhupendra Patel | Harsh Sanghvi - 0s (diff: 228.969s)
ЁЯОп Perfect match found at position 2: Jeena Jeena (diff: 0.03100000000000591s)
тЬЕ ISRC match found: Jeena Jeena (diff: 0.03100000000000591s)
тЬЕ Found match: Jeena Jeena (isrc)
ЁЯОм Getting stream URL...
ЁЯОм Getting stream URL for: AsLPGPs5iQk
тЬЕ Stream ready!
тЬЕ Stream ready!
ЁЯО╡ Play request for: 3HiobOOpSpMsi95WBKPBYk
ЁЯУб Fetching from Spotify API...
тЬЕ Spotify token refreshed
ЁЯФН Finding YouTube match...

ЁЯО╡ Track: Hamari Adhuri Kahani (Title Track) by Jeet Gannguli
ЁЯУА ISRC: INS171500730
тП▒я╕П  Duration: 398.799s
ЁЯФН Searching with ISRC: INS171500730
ЁЯУЛ Found 5 results, checking durations...
   1. Gandhinagar ркерлА ркХрлГрк╖рк┐ ркоркВркдрлНрк░рлА Jitu Vaghani ркирлА ркЦрлЗркбрлВркдрлЛ ркорк╛ркЯрлЗ ркорлЛркЯрлА ркЬрк╛рк╣рлЗрк░рк╛ркдред Bhupendra Patel | Harsh Sanghvi - 0s (diff: 398.799s)
   2. Hamari Adhuri Kahani (Title Track) (From "Hamari Adhuri Kahani") - 399s (diff: 0.20100000000002183s)
   3. рккрк╛ркбрк▓рк┐ркпрк╛ркорк╛ркВ ркЖркжрк┐рк╡рк╛рк╕рлАркУ ркЕркирлЗ рккрлЛрк▓рлАрк╕ рк╡ркЪрлНркЪрлЗ ркеркпрлЗрк▓рк╛ ркШрк░рлНрк╖ркг ркЕркВркЧрлЗ ркорлБркжрлНркжрлЗ ркЪрлИркдрк░ рк╡рк╕рк╛рк╡рк╛ ркЖркХрлНрк░ркоркХ |  BS9 TV NEWS - 0s (diff: 398.799s)
   4. Radhe Krishna offical  is live ркЬркп ркорк╛ркдрк╛ркЬрлА ркпрлБркЯрлНркпрлБркм рклрлЗркорлАрк▓рлА ЁЯТ╕ЁЯТ╕ЁЯТ╕ЁЯСНЁЯСНтЭдя╕ПтЭдя╕ПтЭдя╕ПЁЯЪйЁЯЪйЁЯЪйЁЯе░ЁЯе░ - 0s (diff: 398.799s)
   5. Royel Enfield Guerrilla 450 Review | 2025 Latest Update Guerrilla 450 - 695s (diff: 296.201s)
ЁЯОп Perfect match found at position 2: Hamari Adhuri Kahani (Title Track) (From "Hamari Adhuri Kahani") (diff: 0.20100000000002183s)
тЬЕ ISRC match found: Hamari Adhuri Kahani (Title Track) (From "Hamari Adhuri Kahani") (diff: 0.20100000000002183s)
тЬЕ Found match: Hamari Adhuri Kahani (Title Track) (From "Hamari Adhuri Kahani") (isrc)
ЁЯОм Getting stream URL...
ЁЯОм Getting stream URL for: SwzCJ_MV-AQ
тЬЕ Stream ready!
тЬЕ Stream ready!
ЁЯО╡ Play request for: 2BlDX1yfT0ea5wo0vjCKKa
ЁЯУб Fetching from Spotify API...
ЁЯФН Finding YouTube match...

ЁЯО╡ Track: хЕЙуВЛуБкуВЙ by Goose house
ЁЯУА ISRC: JPU901401919
тП▒я╕П  Duration: 252.133s
ЁЯФН Searching with ISRC: JPU901401919
ЁЯУЛ Found 5 results, checking durations...
   1. LIVE | Ambaji ркирк╛ рккрк╛ркбрк▓рлАркпрк╛ рккрк╣рлЛркЪрлНркпрк╛ Chaitar Vasava, ркЬркп ркЬрлЛрк╣рк░ркирлЛ ркирк╛ркж ркХрк░рлА ркЕркирлЗ рккркЫрлА... - 0s (diff: 252.133s)
   2. Chaitar Vasava ркирлЛ рккрк╛ркбрк▓рк┐ркпрк╛ркорк╛ркВ ркЖркжрк┐рк╡рк╛рк╕рлА ркЕркирлЗ рккрлЛрк▓рлАрк╕ркХрк░рлНркорлАркУркирлА ркмркмрк╛рк▓ркирлЗ рк▓ркИ ркорлЛркЯрлЛ ркзркбрк╛ркХрлЛ  | Nirbhay news | - 0s (diff: 252.133s)
   3. Gandhinagar ркерлА ркХрлГрк╖рк┐ ркоркВркдрлНрк░рлА Jitu Vaghani ркирлА ркЦрлЗркбрлВркдрлЛ ркорк╛ркЯрлЗ ркорлЛркЯрлА ркЬрк╛рк╣рлЗрк░рк╛ркдред Bhupendra Patel | Harsh Sanghvi - 0s (diff: 252.133s)
   4. Radhe Krishna offical  is live ркЬркп ркорк╛ркдрк╛ркЬрлА ркпрлБркЯрлНркпрлБркм рклрлЗркорлАрк▓рлА ЁЯТ╕ЁЯТ╕ЁЯТ╕ЁЯСНЁЯСНтЭдя╕ПтЭдя╕ПтЭдя╕ПЁЯЪйЁЯЪйЁЯЪйЁЯе░ЁЯе░ - 0s (diff: 252.133s)
   5. рккрк╛ркбрк▓рк┐ркпрк╛ркорк╛ркВ ркЖркжрк┐рк╡рк╛рк╕рлАркУ ркЕркирлЗ рккрлЛрк▓рлАрк╕ рк╡ркЪрлНркЪрлЗ ркеркпрлЗрк▓рк╛ ркШрк░рлНрк╖ркг ркЕркВркЧрлЗ ркорлБркжрлНркжрлЗ ркЪрлИркдрк░ рк╡рк╕рк╛рк╡рк╛ ркЖркХрлНрк░ркоркХ |  BS9 TV NEWS - 0s (diff: 252.133s)
тЪая╕П  No good ISRC match found, trying fallback...
ЁЯФН Searching: хЕЙуВЛуБкуВЙ Goose house
ЁЯФН Trying: хЕЙуВЛуБкуВЙ Goose house topic
ЁЯУЛ Found 5 results, checking durations...
ЁЯОп Perfect match found at position 1: Hikarunara (diff: 2.8669999999999902s)
тЬЕ Match found: Hikarunara (diff: 2.8669999999999902s)
тЬЕ Found match: Hikarunara (search)
ЁЯОм Getting stream URL...
ЁЯОм Getting stream URL for: c6rCRy6SrtU
тЬЕ Stream ready!
тЬЕ Stream ready!
ЁЯО╡ Play request for: 66K9GeCpcdpCMVwa87kVpA
ЁЯУб Fetching from Spotify API...
ЁЯФН Finding YouTube match...

ЁЯО╡ Track: Hikarunara by SorAZ
ЁЯУА ISRC: JPVI02304170
тП▒я╕П  Duration: 253.605s
ЁЯФН Searching with ISRC: JPVI02304170
ЁЯУЛ Found 5 results, checking durations...
   1. LIVE | Ambaji ркирк╛ рккрк╛ркбрк▓рлАркпрк╛ рккрк╣рлЛркЪрлНркпрк╛ Chaitar Vasava, ркЬркп ркЬрлЛрк╣рк░ркирлЛ ркирк╛ркж ркХрк░рлА ркЕркирлЗ рккркЫрлА... - 0s (diff: 253.605s)
   2. Gandhinagar ркерлА ркХрлГрк╖рк┐ ркоркВркдрлНрк░рлА Jitu Vaghani ркирлА ркЦрлЗркбрлВркдрлЛ ркорк╛ркЯрлЗ ркорлЛркЯрлА ркЬрк╛рк╣рлЗрк░рк╛ркдред Bhupendra Patel | Harsh Sanghvi - 0s (diff: 253.605s)
   3. рккрк╛ркбрк▓рк┐ркпрк╛ркорк╛ркВ ркЖркжрк┐рк╡рк╛рк╕рлАркУ ркЕркирлЗ рккрлЛрк▓рлАрк╕ рк╡ркЪрлНркЪрлЗ ркеркпрлЗрк▓рк╛ ркШрк░рлНрк╖ркг ркЕркВркЧрлЗ ркорлБркжрлНркжрлЗ ркЪрлИркдрк░ рк╡рк╕рк╛рк╡рк╛ ркЖркХрлНрк░ркоркХ |  BS9 TV NEWS - 0s (diff: 253.605s)
   4. WWW.WORLD.RK U&R INDIA.COM RK U&R NEWS INDIA ЁЯЗоЁЯЗ│489 Truth Of Delhi Gov. India Media Reality P.M. C.M. - 0s (diff: 253.605s)
   5. #708 ркжрк╕рлНркдрк╛рк╡рлЗркЬ рк╡ркЦркдрлЗ ркЦрк╛ркдрлЗркжрк╛рк░рлА ркдрлВркЯрлЗ ркирк╣рлАркВ ркдрлЗ ркмрк╛ркмркдрлЗ ркЕркЧркдрлНркпркирлА ркорк╛рк╣рк┐ркдрлА ркЬрлЗ ркХрлНрк╖ркдрлНрк░рк┐ркпрлЛркирлА ркХрлГрккрк╛ркерлА ркЖрккркгрлЗ ркЦрлЗркбрлВркд... - 579s (diff: 325.395s)
тЪая╕П  No good ISRC match found, trying fallback...
ЁЯФН Searching: Hikarunara SorAZ
ЁЯФН Trying: Hikarunara SorAZ topic
ЁЯУЛ Found 5 results, checking durations...
ЁЯОп Perfect match found at position 1: Hikarunara (diff: 1.3950000000000102s)
тЬЕ Match found: Hikarunara (diff: 1.3950000000000102s)
тЬЕ Found match: Hikarunara (search)
ЁЯОм Getting stream URL...
ЁЯОм Getting stream URL for: c6rCRy6SrtU
тЬЕ Stream ready!
тЬЕ Stream ready!
ЁЯО╡ Play request for: 5bHDGWyIFML1LYXZWTD5MF
ЁЯУб Fetching from Spotify API...
ЁЯФН Finding YouTube match...

ЁЯО╡ Track: I Love You by Pritam
ЁЯУА ISRC: INS181102560
тП▒я╕П  Duration: 256.812s
ЁЯФН Searching with ISRC: INS181102560
ЁЯУЛ Found 5 results, checking durations...
   1. LIVE | Ambaji ркирк╛ рккрк╛ркбрк▓рлАркпрк╛ рккрк╣рлЛркЪрлНркпрк╛ Chaitar Vasava, ркЬркп ркЬрлЛрк╣рк░ркирлЛ ркирк╛ркж ркХрк░рлА ркЕркирлЗ рккркЫрлА... - 0s (diff: 256.812s)
   2. I Love You - 257s (diff: 0.18799999999998818s)
   3. Gandhinagar ркерлА ркХрлГрк╖рк┐ ркоркВркдрлНрк░рлА Jitu Vaghani ркирлА ркЦрлЗркбрлВркдрлЛ ркорк╛ркЯрлЗ ркорлЛркЯрлА ркЬрк╛рк╣рлЗрк░рк╛ркдред Bhupendra Patel | Harsh Sanghvi - 0s (diff: 256.812s)
   4. Radhe Krishna offical  is live ркЬркп ркорк╛ркдрк╛ркЬрлА ркпрлБркЯрлНркпрлБркм рклрлЗркорлАрк▓рлА ЁЯТ╕ЁЯТ╕ЁЯТ╕ЁЯСНЁЯСНтЭдя╕ПтЭдя╕ПтЭдя╕ПЁЯЪйЁЯЪйЁЯЪйЁЯе░ЁЯе░ - 0s (diff: 256.812s)
   5. рккрк╛ркбрк▓рк┐ркпрк╛ркорк╛ркВ ркЖркжрк┐рк╡рк╛рк╕рлАркУ ркЕркирлЗ рккрлЛрк▓рлАрк╕ рк╡ркЪрлНркЪрлЗ ркеркпрлЗрк▓рк╛ ркШрк░рлНрк╖ркг ркЕркВркЧрлЗ ркорлБркжрлНркжрлЗ ркЪрлИркдрк░ рк╡рк╕рк╛рк╡рк╛ ркЖркХрлНрк░ркоркХ |  BS9 TV NEWS - 0s (diff: 256.812s)
ЁЯОп Perfect match found at position 2: I Love You (diff: 0.18799999999998818s)
тЬЕ ISRC match found: I Love You (diff: 0.18799999999998818s)
тЬЕ Found match: I Love You (isrc)
ЁЯОм Getting stream URL...
ЁЯОм Getting stream URL for: 9fZ1PTQXV58
тЬЕ Stream ready!
тЬЕ Stream ready!
